<?xml version="1.0" encoding="UTF-8"?>
<!-- Generated by org.testng.reporters.JUnitXMLReporter -->
<testsuite hostname="Riaz" ignored="0" name="RegressiontestingEdge" tests="3" failures="0" timestamp="2023-06-26T17:13:12 EDT" time="39.889" errors="0">
  <testcase name="f" time="0.231" classname="Com.CucumberFrameWork.AutomationPractice2.SignToAmazon"/>
  <testcase name="sign" time="0.302" classname="Com.CucumberFrameWork.AutomationPractice2.TextOfVerification"/>
  <testcase name="f" time="6.355" classname="Com.CucumberFrameWork.AutomationPractice2.TextOfVerification"/>
</testsuite> <!-- RegressiontestingEdge -->
